--------------------------------------------------------------------------------
Release 14.7 Trace  (nt64)
Copyright (c) 1995-2013 Xilinx, Inc.  All rights reserved.

C:\Xilinx\14.7\ISE_DS\ISE\bin\nt64\unwrapped\trce.exe -intstyle ise -v 3 -s 3
-n 3 -fastpaths -xml wholeDesign.twx wholeDesign.ncd -o wholeDesign.twr
wholeDesign.pcf -ucf ledBlinker.ucf

Design file:              wholeDesign.ncd
Physical constraint file: wholeDesign.pcf
Device,package,speed:     xc6slx45,fgg676,C,-3 (PRODUCTION 1.23 2013-10-13)
Report level:             verbose report

Environment Variable      Effect 
--------------------      ------ 
NONE                      No environment variables were set
--------------------------------------------------------------------------------

INFO:Timing:2698 - No timing constraints found, doing default enumeration.
INFO:Timing:3412 - To improve timing, see the Timing Closure User Guide (UG612).
INFO:Timing:2752 - To get complete path coverage, use the unconstrained paths 
   option. All paths that are not constrained will be reported in the 
   unconstrained paths section(s) of the report.
INFO:Timing:3339 - The clock-to-out numbers in this timing report are based on 
   a 50 Ohm transmission line loading model.  For the details of this model, 
   and for more information on accounting for different loading conditions, 
   please see the device datasheet.



Data Sheet report:
-----------------
All values displayed in nanoseconds (ns)

Setup/Hold to clock clk_24
------------+------------+------------+------------+------------+------------------+--------+
            |Max Setup to|  Process   |Max Hold to |  Process   |                  | Clock  |
Source      | clk (edge) |   Corner   | clk (edge) |   Corner   |Internal Clock(s) | Phase  |
------------+------------+------------+------------+------------+------------------+--------+
button_down |    2.220(R)|      SLOW  |   -1.554(R)|      SLOW  |clk_24_BUFGP      |   0.000|
button_up   |    1.871(R)|      SLOW  |   -1.197(R)|      SLOW  |clk_24_BUFGP      |   0.000|
------------+------------+------------+------------+------------+------------------+--------+

Clock clk_24 to Pad
------------+-----------------+------------+-----------------+------------+------------------+--------+
            |Max (slowest) clk|  Process   |Min (fastest) clk|  Process   |                  | Clock  |
Destination |  (edge) to PAD  |   Corner   |  (edge) to PAD  |   Corner   |Internal Clock(s) | Phase  |
------------+-----------------+------------+-----------------+------------+------------------+--------+
freq_out<0> |         8.493(R)|      SLOW  |         4.566(R)|      FAST  |clk_24_BUFGP      |   0.000|
freq_out<1> |         7.398(R)|      SLOW  |         3.911(R)|      FAST  |clk_24_BUFGP      |   0.000|
freq_out<2> |         9.348(R)|      SLOW  |         5.090(R)|      FAST  |clk_24_BUFGP      |   0.000|
led         |         9.762(R)|      SLOW  |         5.298(R)|      FAST  |clk_24_BUFGP      |   0.000|
------------+-----------------+------------+-----------------+------------+------------------+--------+

Clock to Setup on destination clock clk_24
---------------+---------+---------+---------+---------+
               | Src:Rise| Src:Fall| Src:Rise| Src:Fall|
Source Clock   |Dest:Rise|Dest:Rise|Dest:Fall|Dest:Fall|
---------------+---------+---------+---------+---------+
clk_24         |    5.197|         |         |         |
---------------+---------+---------+---------+---------+


Analysis completed Wed May 08 19:07:17 2019 
--------------------------------------------------------------------------------

Trace Settings:
-------------------------
Trace Settings 

Peak Memory Usage: 263 MB



